# JRE version: OpenJDK Runtime Environment (11.0+28) (build 11+28)
# Java VM: OpenJDK 64-Bit Server VM (11+28, mixed mode, tiered, compressed oops, g1 gc, windows-amd64)
Heap:
 garbage-first heap   total 98304K, used 44811K [0x00000000a1e00000, 0x0000000100000000)
  region size 1024K, 36 young (36864K), 4 survivors (4096K)
 Metaspace       used 30780K, capacity 31695K, committed 31792K, reserved 1077248K
  class space    used 3457K, capacity 3843K, committed 3888K, reserved 1048576K
GC Heap History (10 events):
Event: 1.949 GC heap before
{Heap before GC invocations=0 (full 0):
 garbage-first heap   total 98304K, used 14336K [0x00000000a1e00000, 0x0000000100000000)
  region size 1024K, 14 young (14336K), 0 survivors (0K)
 Metaspace       used 12126K, capacity 12326K, committed 12544K, reserved 1060864K
  class space    used 1176K, capacity 1255K, committed 1280K, reserved 1048576K
}
Event: 1.959 GC heap after
{Heap after GC invocations=1 (full 0):
 garbage-first heap   total 98304K, used 5896K [0x00000000a1e00000, 0x0000000100000000)
  region size 1024K, 2 young (2048K), 2 survivors (2048K)
 Metaspace       used 12126K, capacity 12326K, committed 12544K, reserved 1060864K
  class space    used 1176K, capacity 1255K, committed 1280K, reserved 1048576K
}
Event: 2.267 GC heap before
{Heap before GC invocations=1 (full 0):
 garbage-first heap   total 98304K, used 14088K [0x00000000a1e00000, 0x0000000100000000)
  region size 1024K, 10 young (10240K), 2 survivors (2048K)
 Metaspace       used 14467K, capacity 14717K, committed 14848K, reserved 1062912K
  class space    used 1375K, capacity 1455K, committed 1536K, reserved 1048576K
}
Event: 2.328 GC heap after
{Heap after GC invocations=2 (full 0):
 garbage-first heap   total 98304K, used 6866K [0x00000000a1e00000, 0x0000000100000000)
  region size 1024K, 1 young (1024K), 1 survivors (1024K)
 Metaspace       used 14467K, capacity 14717K, committed 14848K, reserved 1062912K
  class space    used 1375K, capacity 1455K, committed 1536K, reserved 1048576K
}
Event: 3.511 GC heap before
{Heap before GC invocations=2 (full 0):
 garbage-first heap   total 98304K, used 31442K [0x00000000a1e00000, 0x0000000100000000)
  region size 1024K, 26 young (26624K), 1 survivors (1024K)
 Metaspace       used 20035K, capacity 20372K, committed 20736K, reserved 1067008K
  class space    used 2040K, capacity 2190K, committed 2304K, reserved 1048576K
}
Event: 3.516 GC heap after
{Heap after GC invocations=3 (full 0):
 garbage-first heap   total 98304K, used 10086K [0x00000000a1e00000, 0x0000000100000000)
  region size 1024K, 4 young (4096K), 4 survivors (4096K)
 Metaspace       used 20035K, capacity 20372K, committed 20736K, reserved 1067008K
  class space    used 2040K, capacity 2190K, committed 2304K, reserved 1048576K
}
Event: 3.970 GC heap before
{Heap before GC invocations=3 (full 0):
 garbage-first heap   total 98304K, used 17254K [0x00000000a1e00000, 0x0000000100000000)
  region size 1024K, 12 young (12288K), 4 survivors (4096K)
 Metaspace       used 20833K, capacity 21204K, committed 21296K, reserved 1069056K
  class space    used 2139K, capacity 2314K, committed 2352K, reserved 1048576K
}
Event: 3.977 GC heap after
{Heap after GC invocations=4 (full 0):
 garbage-first heap   total 98304K, used 11268K [0x00000000a1e00000, 0x0000000100000000)
  region size 1024K, 2 young (2048K), 2 survivors (2048K)
 Metaspace       used 20833K, capacity 21204K, committed 21296K, reserved 1069056K
  class space    used 2139K, capacity 2314K, committed 2352K, reserved 1048576K
}
Event: 6.250 GC heap before
{Heap before GC invocations=5 (full 0):
 garbage-first heap   total 98304K, used 41988K [0x00000000a1e00000, 0x0000000100000000)
  region size 1024K, 33 young (33792K), 2 survivors (2048K)
 Metaspace       used 28615K, capacity 29449K, committed 29488K, reserved 1075200K
  class space    used 3241K, capacity 3596K, committed 3632K, reserved 1048576K
}
Event: 6.257 GC heap after
{Heap after GC invocations=6 (full 0):
 garbage-first heap   total 98304K, used 14091K [0x00000000a1e00000, 0x0000000100000000)
  region size 1024K, 4 young (4096K), 4 survivors (4096K)
 Metaspace       used 28615K, capacity 29449K, committed 29488K, reserved 1075200K
  class space    used 3241K, capacity 3596K, committed 3632K, reserved 1048576K
}

