# JRE version: OpenJDK Runtime Environment (11.0+28) (build 11+28)
# Java VM: OpenJDK 64-Bit Server VM (11+28, mixed mode, tiered, compressed oops, g1 gc, windows-amd64)
Heap:
 garbage-first heap   total 98304K, used 47662K [0x00000000a1e00000, 0x0000000100000000)
  region size 1024K, 39 young (39936K), 4 survivors (4096K)
 Metaspace       used 30678K, capacity 31513K, committed 31792K, reserved 1077248K
  class space    used 3419K, capacity 3774K, committed 3888K, reserved 1048576K
GC Heap History (10 events):
Event: 3.254 GC heap before
{Heap before GC invocations=0 (full 0):
 garbage-first heap   total 98304K, used 15360K [0x00000000a1e00000, 0x0000000100000000)
  region size 1024K, 14 young (14336K), 0 survivors (0K)
 Metaspace       used 12181K, capacity 12390K, committed 12544K, reserved 1060864K
  class space    used 1182K, capacity 1255K, committed 1280K, reserved 1048576K
}
Event: 3.264 GC heap after
{Heap after GC invocations=1 (full 0):
 garbage-first heap   total 98304K, used 5805K [0x00000000a1e00000, 0x0000000100000000)
  region size 1024K, 2 young (2048K), 2 survivors (2048K)
 Metaspace       used 12181K, capacity 12390K, committed 12544K, reserved 1060864K
  class space    used 1182K, capacity 1255K, committed 1280K, reserved 1048576K
}
Event: 3.645 GC heap before
{Heap before GC invocations=1 (full 0):
 garbage-first heap   total 98304K, used 13997K [0x00000000a1e00000, 0x0000000100000000)
  region size 1024K, 10 young (10240K), 2 survivors (2048K)
 Metaspace       used 14547K, capacity 14711K, committed 14848K, reserved 1062912K
  class space    used 1385K, capacity 1453K, committed 1536K, reserved 1048576K
}
Event: 3.719 GC heap after
{Heap after GC invocations=2 (full 0):
 garbage-first heap   total 98304K, used 6610K [0x00000000a1e00000, 0x0000000100000000)
  region size 1024K, 1 young (1024K), 1 survivors (1024K)
 Metaspace       used 14547K, capacity 14711K, committed 14848K, reserved 1062912K
  class space    used 1385K, capacity 1453K, committed 1536K, reserved 1048576K
}
Event: 5.141 GC heap before
{Heap before GC invocations=2 (full 0):
 garbage-first heap   total 98304K, used 33234K [0x00000000a1e00000, 0x0000000100000000)
  region size 1024K, 27 young (27648K), 1 survivors (1024K)
 Metaspace       used 20099K, capacity 20432K, committed 20736K, reserved 1067008K
  class space    used 2038K, capacity 2186K, committed 2304K, reserved 1048576K
}
Event: 5.146 GC heap after
{Heap after GC invocations=3 (full 0):
 garbage-first heap   total 98304K, used 9934K [0x00000000a1e00000, 0x0000000100000000)
  region size 1024K, 4 young (4096K), 4 survivors (4096K)
 Metaspace       used 20099K, capacity 20432K, committed 20736K, reserved 1067008K
  class space    used 2038K, capacity 2186K, committed 2304K, reserved 1048576K
}
Event: 5.450 GC heap before
{Heap before GC invocations=3 (full 0):
 garbage-first heap   total 98304K, used 15054K [0x00000000a1e00000, 0x0000000100000000)
  region size 1024K, 10 young (10240K), 4 survivors (4096K)
 Metaspace       used 20856K, capacity 21254K, committed 21296K, reserved 1069056K
  class space    used 2139K, capacity 2310K, committed 2352K, reserved 1048576K
}
Event: 5.457 GC heap after
{Heap after GC invocations=4 (full 0):
 garbage-first heap   total 98304K, used 11103K [0x00000000a1e00000, 0x0000000100000000)
  region size 1024K, 2 young (2048K), 2 survivors (2048K)
 Metaspace       used 20856K, capacity 21254K, committed 21296K, reserved 1069056K
  class space    used 2139K, capacity 2310K, committed 2352K, reserved 1048576K
}
Event: 8.036 GC heap before
{Heap before GC invocations=5 (full 0):
 garbage-first heap   total 98304K, used 40799K [0x00000000a1e00000, 0x0000000100000000)
  region size 1024K, 32 young (32768K), 2 survivors (2048K)
 Metaspace       used 28585K, capacity 29352K, committed 29488K, reserved 1075200K
  class space    used 3211K, capacity 3533K, committed 3632K, reserved 1048576K
}
Event: 8.042 GC heap after
{Heap after GC invocations=6 (full 0):
 garbage-first heap   total 98304K, used 13870K [0x00000000a1e00000, 0x0000000100000000)
  region size 1024K, 4 young (4096K), 4 survivors (4096K)
 Metaspace       used 28585K, capacity 29352K, committed 29488K, reserved 1075200K
  class space    used 3211K, capacity 3533K, committed 3632K, reserved 1048576K
}

