<?xml version="1.0" encoding="UTF-8"?>
<testng-results skipped="0" failed="2" ignored="1" total="7" passed="4">
  <reporter-output>
  </reporter-output>
  <suite name="com.weather.tests.SuiteUpdatedHomePageTests" duration-ms="97298" started-at="2020-10-05T21:20:15Z" finished-at="2020-10-05T21:21:52Z">
    <groups>
    </groups>
    <test name="Command line test" duration-ms="97298" started-at="2020-10-05T21:20:15Z" finished-at="2020-10-05T21:21:52Z">
      <class name="com.weather.tests.SuiteUpdatedHomePageTests">
        <test-method status="PASS" signature="initializeBrowser()[pri:0, instance:com.weather.tests.SuiteUpdatedHomePageTests@737996a0]" name="initializeBrowser" is-config="true" duration-ms="7761" started-at="2020-10-05T21:20:15Z" finished-at="2020-10-05T21:20:22Z">
          <reporter-output>
          </reporter-output>
        </test-method> <!-- initializeBrowser -->
        <test-method status="PASS" signature="testHeaderElementsVisibility()[pri:0, instance:com.weather.tests.SuiteUpdatedHomePageTests@737996a0]" name="testHeaderElementsVisibility" duration-ms="4123" started-at="2020-10-05T21:20:22Z" description="Verify all the header elements are present " finished-at="2020-10-05T21:20:26Z">
          <reporter-output>
          </reporter-output>
        </test-method> <!-- testHeaderElementsVisibility -->
        <test-method status="PASS" signature="closeDriver()[pri:0, instance:com.weather.tests.SuiteUpdatedHomePageTests@737996a0]" name="closeDriver" is-config="true" duration-ms="238" started-at="2020-10-05T21:20:26Z" finished-at="2020-10-05T21:20:27Z">
          <reporter-output>
          </reporter-output>
        </test-method> <!-- closeDriver -->
        <test-method status="PASS" signature="initializeBrowser()[pri:0, instance:com.weather.tests.SuiteUpdatedHomePageTests@737996a0]" name="initializeBrowser" is-config="true" duration-ms="6764" started-at="2020-10-05T21:20:27Z" finished-at="2020-10-05T21:20:33Z">
          <reporter-output>
          </reporter-output>
        </test-method> <!-- initializeBrowser -->
        <test-method status="FAIL" signature="testOnDisplayContinentsAndChangeInMeasureIfTemperatureChanges()[pri:0, instance:com.weather.tests.SuiteUpdatedHomePageTests@737996a0]" name="testOnDisplayContinentsAndChangeInMeasureIfTemperatureChanges" duration-ms="26675" started-at="2020-10-05T21:20:33Z" description="verify if the continent list is displayed as desired in the temperature arrowthis is to test if measurement type is changing if we change temperature measurement ( temp = fahrenheit then wind = mph temp = celsius and wind = km/h)" finished-at="2020-10-05T21:21:00Z">
          <exception class="org.openqa.selenium.ElementNotInteractableException">
            <message>
              <![CDATA[element not interactable
  (Session info: chrome=85.0.4183.121)
Build info: version: '3.141.59', revision: 'e82be7d358', time: '2018-11-14T08:17:03'
System info: host: 'LAPTOP-AP334VUR', ip: '192.168.1.166', os.name: 'Windows 10', os.arch: 'amd64', os.version: '10.0', java.version: '1.8.0_221'
Driver info: org.openqa.selenium.chrome.ChromeDriver
Capabilities {acceptInsecureCerts: false, browserName: chrome, browserVersion: 85.0.4183.121, chrome: {chromedriverVersion: 84.0.4147.30 (48b3e868b4cc0..., userDataDir: C:\WINDOWS\TEMP\scoped_dir1...}, goog:chromeOptions: {debuggerAddress: localhost:58651}, javascriptEnabled: true, networkConnectionEnabled: false, pageLoadStrategy: normal, platform: WINDOWS, platformName: WINDOWS, proxy: Proxy(), setWindowRect: true, strictFileInteractability: false, timeouts: {implicit: 0, pageLoad: 300000, script: 30000}, unhandledPromptBehavior: dismiss and notify, webauthn:virtualAuthenticators: true}
Session ID: ceca835313714079103f99da6c29f2e9]]>
            </message>
            <full-stacktrace>
              <![CDATA[org.openqa.selenium.ElementNotInteractableException: element not interactable
  (Session info: chrome=85.0.4183.121)
Build info: version: '3.141.59', revision: 'e82be7d358', time: '2018-11-14T08:17:03'
System info: host: 'LAPTOP-AP334VUR', ip: '192.168.1.166', os.name: 'Windows 10', os.arch: 'amd64', os.version: '10.0', java.version: '1.8.0_221'
Driver info: org.openqa.selenium.chrome.ChromeDriver
Capabilities {acceptInsecureCerts: false, browserName: chrome, browserVersion: 85.0.4183.121, chrome: {chromedriverVersion: 84.0.4147.30 (48b3e868b4cc0..., userDataDir: C:\WINDOWS\TEMP\scoped_dir1...}, goog:chromeOptions: {debuggerAddress: localhost:58651}, javascriptEnabled: true, networkConnectionEnabled: false, pageLoadStrategy: normal, platform: WINDOWS, platformName: WINDOWS, proxy: Proxy(), setWindowRect: true, strictFileInteractability: false, timeouts: {implicit: 0, pageLoad: 300000, script: 30000}, unhandledPromptBehavior: dismiss and notify, webauthn:virtualAuthenticators: true}
Session ID: ceca835313714079103f99da6c29f2e9
at sun.reflect.NativeConstructorAccessorImpl.newInstance0(Native Method)
at sun.reflect.NativeConstructorAccessorImpl.newInstance(NativeConstructorAccessorImpl.java:62)
at sun.reflect.DelegatingConstructorAccessorImpl.newInstance(DelegatingConstructorAccessorImpl.java:45)
at java.lang.reflect.Constructor.newInstance(Constructor.java:423)
at org.openqa.selenium.remote.http.W3CHttpResponseCodec.createException(W3CHttpResponseCodec.java:187)
at org.openqa.selenium.remote.http.W3CHttpResponseCodec.decode(W3CHttpResponseCodec.java:122)
at org.openqa.selenium.remote.http.W3CHttpResponseCodec.decode(W3CHttpResponseCodec.java:49)
at org.openqa.selenium.remote.HttpCommandExecutor.execute(HttpCommandExecutor.java:158)
at org.openqa.selenium.remote.service.DriverCommandExecutor.execute(DriverCommandExecutor.java:83)
at org.openqa.selenium.remote.RemoteWebDriver.execute(RemoteWebDriver.java:552)
at org.openqa.selenium.remote.RemoteWebElement.execute(RemoteWebElement.java:285)
at org.openqa.selenium.remote.RemoteWebElement.click(RemoteWebElement.java:84)
at com.weather.pages.HomePage.changeInWindUnitIfTemperatureChangesCelsius(HomePage.java:401)
at com.weather.tests.SuiteUpdatedHomePageTests.testOnDisplayContinentsAndChangeInMeasureIfTemperatureChanges(SuiteUpdatedHomePageTests.java:149)
at sun.reflect.NativeMethodAccessorImpl.invoke0(Native Method)
at sun.reflect.NativeMethodAccessorImpl.invoke(NativeMethodAccessorImpl.java:62)
at sun.reflect.DelegatingMethodAccessorImpl.invoke(DelegatingMethodAccessorImpl.java:43)
at java.lang.reflect.Method.invoke(Method.java:498)
at org.testng.internal.MethodInvocationHelper.invokeMethod(MethodInvocationHelper.java:124)
at org.testng.internal.Invoker.invokeMethod(Invoker.java:583)
at org.testng.internal.Invoker.invokeTestMethod(Invoker.java:719)
at org.testng.internal.Invoker.invokeTestMethods(Invoker.java:989)
at org.testng.internal.TestMethodWorker.invokeTestMethods(TestMethodWorker.java:125)
at org.testng.internal.TestMethodWorker.run(TestMethodWorker.java:109)
at org.testng.TestRunner.privateRun(TestRunner.java:648)
at org.testng.TestRunner.run(TestRunner.java:505)
at org.testng.SuiteRunner.runTest(SuiteRunner.java:455)
at org.testng.SuiteRunner.runSequentially(SuiteRunner.java:450)
at org.testng.SuiteRunner.privateRun(SuiteRunner.java:415)
at org.testng.SuiteRunner.run(SuiteRunner.java:364)
at org.testng.SuiteRunnerWorker.runSuite(SuiteRunnerWorker.java:52)
at org.testng.SuiteRunnerWorker.run(SuiteRunnerWorker.java:84)
at org.testng.TestNG.runSuitesSequentially(TestNG.java:1208)
at org.testng.TestNG.runSuitesLocally(TestNG.java:1137)
at org.testng.TestNG.runSuites(TestNG.java:1049)
at org.testng.TestNG.run(TestNG.java:1017)
at org.apache.maven.surefire.testng.TestNGExecutor.run(TestNGExecutor.java:77)
at org.apache.maven.surefire.testng.TestNGDirectoryTestSuite.execute(TestNGDirectoryTestSuite.java:110)
at org.apache.maven.surefire.testng.TestNGProvider.invoke(TestNGProvider.java:106)
at sun.reflect.NativeMethodAccessorImpl.invoke0(Native Method)
at sun.reflect.NativeMethodAccessorImpl.invoke(NativeMethodAccessorImpl.java:62)
at sun.reflect.DelegatingMethodAccessorImpl.invoke(DelegatingMethodAccessorImpl.java:43)
at java.lang.reflect.Method.invoke(Method.java:498)
at org.apache.maven.surefire.util.ReflectionUtils.invokeMethodWithArray(ReflectionUtils.java:189)
at org.apache.maven.surefire.booter.ProviderFactory$ProviderProxy.invoke(ProviderFactory.java:165)
at org.apache.maven.surefire.booter.ProviderFactory.invokeProvider(ProviderFactory.java:85)
at org.apache.maven.surefire.booter.ForkedBooter.runSuitesInProcess(ForkedBooter.java:115)
at org.apache.maven.surefire.booter.ForkedBooter.main(ForkedBooter.java:75)
]]>
            </full-stacktrace>
          </exception> <!-- org.openqa.selenium.ElementNotInteractableException -->
          <reporter-output>
          </reporter-output>
        </test-method> <!-- testOnDisplayContinentsAndChangeInMeasureIfTemperatureChanges -->
        <test-method status="PASS" signature="closeDriver()[pri:0, instance:com.weather.tests.SuiteUpdatedHomePageTests@737996a0]" name="closeDriver" is-config="true" duration-ms="292" started-at="2020-10-05T21:21:00Z" finished-at="2020-10-05T21:21:00Z">
          <reporter-output>
          </reporter-output>
        </test-method> <!-- closeDriver -->
        <test-method status="PASS" signature="initializeBrowser()[pri:0, instance:com.weather.tests.SuiteUpdatedHomePageTests@737996a0]" name="initializeBrowser" is-config="true" duration-ms="7063" started-at="2020-10-05T21:21:00Z" finished-at="2020-10-05T21:21:08Z">
          <reporter-output>
          </reporter-output>
        </test-method> <!-- initializeBrowser -->
        <test-method status="PASS" signature="testOnForeCastMenuItems()[pri:0, instance:com.weather.tests.SuiteUpdatedHomePageTests@737996a0]" name="testOnForeCastMenuItems" duration-ms="307" started-at="2020-10-05T21:21:08Z" description="verify if the forecast of periods are displayed" finished-at="2020-10-05T21:21:08Z">
          <reporter-output>
          </reporter-output>
        </test-method> <!-- testOnForeCastMenuItems -->
        <test-method status="PASS" signature="closeDriver()[pri:0, instance:com.weather.tests.SuiteUpdatedHomePageTests@737996a0]" name="closeDriver" is-config="true" duration-ms="194" started-at="2020-10-05T21:21:08Z" finished-at="2020-10-05T21:21:08Z">
          <reporter-output>
          </reporter-output>
        </test-method> <!-- closeDriver -->
        <test-method status="PASS" signature="initializeBrowser()[pri:0, instance:com.weather.tests.SuiteUpdatedHomePageTests@737996a0]" name="initializeBrowser" is-config="true" duration-ms="12559" started-at="2020-10-05T21:21:08Z" finished-at="2020-10-05T21:21:21Z">
          <reporter-output>
          </reporter-output>
        </test-method> <!-- initializeBrowser -->
        <test-method status="FAIL" signature="testOnHeaderElementsSearchMenuItems()[pri:0, instance:com.weather.tests.SuiteUpdatedHomePageTests@737996a0]" name="testOnHeaderElementsSearchMenuItems" duration-ms="932" started-at="2020-10-05T21:21:21Z" description="verify if the clicking on header elements is working as expected and displayed desired text tests in this method as follows Checking if the clicking on weather logo is directing to home pageChecking on landing in desired location based on inout given in the search barChecking if any random text in the search bar displays results not foundIn the temperature display in the main page on the upper right hand corner of the page check if the temperature measure changes based up on selectionChecking main headings of the menu items is displayed or not " finished-at="2020-10-05T21:21:22Z">
          <exception class="org.openqa.selenium.ElementNotInteractableException">
            <message>
              <![CDATA[element not interactable
  (Session info: chrome=85.0.4183.121)
Build info: version: '3.141.59', revision: 'e82be7d358', time: '2018-11-14T08:17:03'
System info: host: 'LAPTOP-AP334VUR', ip: '192.168.1.166', os.name: 'Windows 10', os.arch: 'amd64', os.version: '10.0', java.version: '1.8.0_221'
Driver info: org.openqa.selenium.chrome.ChromeDriver
Capabilities {acceptInsecureCerts: false, browserName: chrome, browserVersion: 85.0.4183.121, chrome: {chromedriverVersion: 84.0.4147.30 (48b3e868b4cc0..., userDataDir: C:\WINDOWS\TEMP\scoped_dir1...}, goog:chromeOptions: {debuggerAddress: localhost:59288}, javascriptEnabled: true, networkConnectionEnabled: false, pageLoadStrategy: normal, platform: WINDOWS, platformName: WINDOWS, proxy: Proxy(), setWindowRect: true, strictFileInteractability: false, timeouts: {implicit: 0, pageLoad: 300000, script: 30000}, unhandledPromptBehavior: dismiss and notify, webauthn:virtualAuthenticators: true}
Session ID: 3aac38a529f60e70dde21f290ff7e1b9]]>
            </message>
            <full-stacktrace>
              <![CDATA[org.openqa.selenium.ElementNotInteractableException: element not interactable
  (Session info: chrome=85.0.4183.121)
Build info: version: '3.141.59', revision: 'e82be7d358', time: '2018-11-14T08:17:03'
System info: host: 'LAPTOP-AP334VUR', ip: '192.168.1.166', os.name: 'Windows 10', os.arch: 'amd64', os.version: '10.0', java.version: '1.8.0_221'
Driver info: org.openqa.selenium.chrome.ChromeDriver
Capabilities {acceptInsecureCerts: false, browserName: chrome, browserVersion: 85.0.4183.121, chrome: {chromedriverVersion: 84.0.4147.30 (48b3e868b4cc0..., userDataDir: C:\WINDOWS\TEMP\scoped_dir1...}, goog:chromeOptions: {debuggerAddress: localhost:59288}, javascriptEnabled: true, networkConnectionEnabled: false, pageLoadStrategy: normal, platform: WINDOWS, platformName: WINDOWS, proxy: Proxy(), setWindowRect: true, strictFileInteractability: false, timeouts: {implicit: 0, pageLoad: 300000, script: 30000}, unhandledPromptBehavior: dismiss and notify, webauthn:virtualAuthenticators: true}
Session ID: 3aac38a529f60e70dde21f290ff7e1b9
at sun.reflect.NativeConstructorAccessorImpl.newInstance0(Native Method)
at sun.reflect.NativeConstructorAccessorImpl.newInstance(NativeConstructorAccessorImpl.java:62)
at sun.reflect.DelegatingConstructorAccessorImpl.newInstance(DelegatingConstructorAccessorImpl.java:45)
at java.lang.reflect.Constructor.newInstance(Constructor.java:423)
at org.openqa.selenium.remote.http.W3CHttpResponseCodec.createException(W3CHttpResponseCodec.java:187)
at org.openqa.selenium.remote.http.W3CHttpResponseCodec.decode(W3CHttpResponseCodec.java:122)
at org.openqa.selenium.remote.http.W3CHttpResponseCodec.decode(W3CHttpResponseCodec.java:49)
at org.openqa.selenium.remote.HttpCommandExecutor.execute(HttpCommandExecutor.java:158)
at org.openqa.selenium.remote.service.DriverCommandExecutor.execute(DriverCommandExecutor.java:83)
at org.openqa.selenium.remote.RemoteWebDriver.execute(RemoteWebDriver.java:552)
at org.openqa.selenium.remote.RemoteWebElement.execute(RemoteWebElement.java:285)
at org.openqa.selenium.remote.RemoteWebElement.sendKeys(RemoteWebElement.java:106)
at com.weather.pages.HomePage.isLandingOnDesiredLocationPositive(HomePage.java:196)
at com.weather.tests.SuiteUpdatedHomePageTests.testOnHeaderElementsSearchMenuItems(SuiteUpdatedHomePageTests.java:85)
at sun.reflect.NativeMethodAccessorImpl.invoke0(Native Method)
at sun.reflect.NativeMethodAccessorImpl.invoke(NativeMethodAccessorImpl.java:62)
at sun.reflect.DelegatingMethodAccessorImpl.invoke(DelegatingMethodAccessorImpl.java:43)
at java.lang.reflect.Method.invoke(Method.java:498)
at org.testng.internal.MethodInvocationHelper.invokeMethod(MethodInvocationHelper.java:124)
at org.testng.internal.Invoker.invokeMethod(Invoker.java:583)
at org.testng.internal.Invoker.invokeTestMethod(Invoker.java:719)
at org.testng.internal.Invoker.invokeTestMethods(Invoker.java:989)
at org.testng.internal.TestMethodWorker.invokeTestMethods(TestMethodWorker.java:125)
at org.testng.internal.TestMethodWorker.run(TestMethodWorker.java:109)
at org.testng.TestRunner.privateRun(TestRunner.java:648)
at org.testng.TestRunner.run(TestRunner.java:505)
at org.testng.SuiteRunner.runTest(SuiteRunner.java:455)
at org.testng.SuiteRunner.runSequentially(SuiteRunner.java:450)
at org.testng.SuiteRunner.privateRun(SuiteRunner.java:415)
at org.testng.SuiteRunner.run(SuiteRunner.java:364)
at org.testng.SuiteRunnerWorker.runSuite(SuiteRunnerWorker.java:52)
at org.testng.SuiteRunnerWorker.run(SuiteRunnerWorker.java:84)
at org.testng.TestNG.runSuitesSequentially(TestNG.java:1208)
at org.testng.TestNG.runSuitesLocally(TestNG.java:1137)
at org.testng.TestNG.runSuites(TestNG.java:1049)
at org.testng.TestNG.run(TestNG.java:1017)
at org.apache.maven.surefire.testng.TestNGExecutor.run(TestNGExecutor.java:77)
at org.apache.maven.surefire.testng.TestNGDirectoryTestSuite.execute(TestNGDirectoryTestSuite.java:110)
at org.apache.maven.surefire.testng.TestNGProvider.invoke(TestNGProvider.java:106)
at sun.reflect.NativeMethodAccessorImpl.invoke0(Native Method)
at sun.reflect.NativeMethodAccessorImpl.invoke(NativeMethodAccessorImpl.java:62)
at sun.reflect.DelegatingMethodAccessorImpl.invoke(DelegatingMethodAccessorImpl.java:43)
at java.lang.reflect.Method.invoke(Method.java:498)
at org.apache.maven.surefire.util.ReflectionUtils.invokeMethodWithArray(ReflectionUtils.java:189)
at org.apache.maven.surefire.booter.ProviderFactory$ProviderProxy.invoke(ProviderFactory.java:165)
at org.apache.maven.surefire.booter.ProviderFactory.invokeProvider(ProviderFactory.java:85)
at org.apache.maven.surefire.booter.ForkedBooter.runSuitesInProcess(ForkedBooter.java:115)
at org.apache.maven.surefire.booter.ForkedBooter.main(ForkedBooter.java:75)
]]>
            </full-stacktrace>
          </exception> <!-- org.openqa.selenium.ElementNotInteractableException -->
          <reporter-output>
          </reporter-output>
        </test-method> <!-- testOnHeaderElementsSearchMenuItems -->
        <test-method status="PASS" signature="closeDriver()[pri:0, instance:com.weather.tests.SuiteUpdatedHomePageTests@737996a0]" name="closeDriver" is-config="true" duration-ms="95" started-at="2020-10-05T21:21:22Z" finished-at="2020-10-05T21:21:22Z">
          <reporter-output>
          </reporter-output>
        </test-method> <!-- closeDriver -->
        <test-method status="PASS" signature="initializeBrowser()[pri:0, instance:com.weather.tests.SuiteUpdatedHomePageTests@737996a0]" name="initializeBrowser" is-config="true" duration-ms="6483" started-at="2020-10-05T21:21:22Z" finished-at="2020-10-05T21:21:28Z">
          <reporter-output>
          </reporter-output>
        </test-method> <!-- initializeBrowser -->
        <test-method status="PASS" signature="testOnSelectingForecastTabAndVerifyText()[pri:0, instance:com.weather.tests.SuiteUpdatedHomePageTests@737996a0]" name="testOnSelectingForecastTabAndVerifyText" duration-ms="11812" started-at="2020-10-05T21:21:28Z" description="running test using enums" finished-at="2020-10-05T21:21:40Z">
          <reporter-output>
          </reporter-output>
        </test-method> <!-- testOnSelectingForecastTabAndVerifyText -->
        <test-method status="PASS" signature="closeDriver()[pri:0, instance:com.weather.tests.SuiteUpdatedHomePageTests@737996a0]" name="closeDriver" is-config="true" duration-ms="187" started-at="2020-10-05T21:21:40Z" finished-at="2020-10-05T21:21:40Z">
          <reporter-output>
          </reporter-output>
        </test-method> <!-- closeDriver -->
        <test-method status="PASS" signature="initializeBrowser()[pri:0, instance:com.weather.tests.SuiteUpdatedHomePageTests@737996a0]" name="initializeBrowser" is-config="true" duration-ms="6122" started-at="2020-10-05T21:21:40Z" finished-at="2020-10-05T21:21:46Z">
          <reporter-output>
          </reporter-output>
        </test-method> <!-- initializeBrowser -->
        <test-method status="PASS" signature="testSocialMediaIconsDisplay()[pri:0, instance:com.weather.tests.SuiteUpdatedHomePageTests@737996a0]" name="testSocialMediaIconsDisplay" duration-ms="1383" started-at="2020-10-05T21:21:46Z" description="Verify if the social media icons displayed" finished-at="2020-10-05T21:21:48Z">
          <reporter-output>
          </reporter-output>
        </test-method> <!-- testSocialMediaIconsDisplay -->
        <test-method status="PASS" signature="closeDriver()[pri:0, instance:com.weather.tests.SuiteUpdatedHomePageTests@737996a0]" name="closeDriver" is-config="true" duration-ms="4277" started-at="2020-10-05T21:21:48Z" finished-at="2020-10-05T21:21:52Z">
          <reporter-output>
          </reporter-output>
        </test-method> <!-- closeDriver -->
      </class> <!-- com.weather.tests.SuiteUpdatedHomePageTests -->
    </test> <!-- Command line test -->
  </suite> <!-- com.weather.tests.SuiteUpdatedHomePageTests -->
</testng-results>
